{"/home/moyses/Hexlet/frontend-project-lvl2/index.js": {"path":"/home/moyses/Hexlet/frontend-project-lvl2/index.js","all":false,"statementMap":{"0":{"start":{"line":1,"column":0},"end":{"line":1,"column":41}},"1":{"start":{"line":2,"column":0},"end":{"line":2,"column":0}},"2":{"start":{"line":3,"column":0},"end":{"line":3,"column":23}}},"s":{"0":1,"1":1,"2":1},"branchMap":{},"b":{},"fnMap":{},"f":{}}
,"/home/moyses/Hexlet/frontend-project-lvl2/src/jsonparse.js": {"path":"/home/moyses/Hexlet/frontend-project-lvl2/src/jsonparse.js","all":false,"statementMap":{"0":{"start":{"line":1,"column":0},"end":{"line":1,"column":25}},"1":{"start":{"line":2,"column":0},"end":{"line":2,"column":23}},"2":{"start":{"line":3,"column":0},"end":{"line":3,"column":24}},"3":{"start":{"line":4,"column":0},"end":{"line":4,"column":0}},"4":{"start":{"line":5,"column":0},"end":{"line":5,"column":43}},"5":{"start":{"line":6,"column":0},"end":{"line":6,"column":55}},"6":{"start":{"line":7,"column":0},"end":{"line":7,"column":55}},"7":{"start":{"line":8,"column":0},"end":{"line":8,"column":70}},"8":{"start":{"line":9,"column":0},"end":{"line":9,"column":70}},"9":{"start":{"line":10,"column":0},"end":{"line":10,"column":91}},"10":{"start":{"line":11,"column":0},"end":{"line":11,"column":48}},"11":{"start":{"line":12,"column":0},"end":{"line":12,"column":57}},"12":{"start":{"line":13,"column":0},"end":{"line":13,"column":73}},"13":{"start":{"line":14,"column":0},"end":{"line":14,"column":62}},"14":{"start":{"line":15,"column":0},"end":{"line":15,"column":59}},"15":{"start":{"line":16,"column":0},"end":{"line":16,"column":19}},"16":{"start":{"line":17,"column":0},"end":{"line":17,"column":7}},"17":{"start":{"line":18,"column":0},"end":{"line":18,"column":97}},"18":{"start":{"line":19,"column":0},"end":{"line":19,"column":17}},"19":{"start":{"line":20,"column":0},"end":{"line":20,"column":5}},"20":{"start":{"line":21,"column":0},"end":{"line":21,"column":40}},"21":{"start":{"line":22,"column":0},"end":{"line":22,"column":57}},"22":{"start":{"line":23,"column":0},"end":{"line":23,"column":17}},"23":{"start":{"line":24,"column":0},"end":{"line":24,"column":5}},"24":{"start":{"line":25,"column":0},"end":{"line":25,"column":55}},"25":{"start":{"line":26,"column":0},"end":{"line":26,"column":15}},"26":{"start":{"line":27,"column":0},"end":{"line":27,"column":9}},"27":{"start":{"line":28,"column":0},"end":{"line":28,"column":38}},"28":{"start":{"line":29,"column":0},"end":{"line":29,"column":2}},"29":{"start":{"line":30,"column":0},"end":{"line":30,"column":23}}},"s":{"0":1,"1":1,"2":1,"3":1,"4":1,"5":1,"6":1,"7":1,"8":1,"9":1,"10":1,"11":5,"12":2,"13":1,"14":1,"15":1,"16":1,"17":5,"18":1,"19":1,"20":1,"21":2,"22":5,"23":5,"24":1,"25":1,"26":1,"27":1,"28":1,"29":1},"branchMap":{"0":{"type":"branch","line":1,"loc":{"start":{"line":1,"column":7},"end":{"line":25,"column":45}},"locations":[{"start":{"line":1,"column":7},"end":{"line":25,"column":45}}]},"1":{"type":"branch","line":11,"loc":{"start":{"line":11,"column":8},"end":{"line":24,"column":5}},"locations":[{"start":{"line":11,"column":8},"end":{"line":24,"column":5}}]},"2":{"type":"branch","line":12,"loc":{"start":{"line":12,"column":14},"end":{"line":12,"column":42}},"locations":[{"start":{"line":12,"column":14},"end":{"line":12,"column":42}}]},"3":{"type":"branch","line":12,"loc":{"start":{"line":12,"column":47},"end":{"line":18,"column":47}},"locations":[{"start":{"line":12,"column":47},"end":{"line":18,"column":47}}]},"4":{"type":"branch","line":13,"loc":{"start":{"line":13,"column":47},"end":{"line":18,"column":47}},"locations":[{"start":{"line":13,"column":47},"end":{"line":18,"column":47}}]},"5":{"type":"branch","line":18,"loc":{"start":{"line":18,"column":31},"end":{"line":18,"column":87}},"locations":[{"start":{"line":18,"column":31},"end":{"line":18,"column":87}}]},"6":{"type":"branch","line":18,"loc":{"start":{"line":18,"column":71},"end":{"line":21,"column":40}},"locations":[{"start":{"line":18,"column":71},"end":{"line":21,"column":40}}]},"7":{"type":"branch","line":21,"loc":{"start":{"line":21,"column":39},"end":{"line":23,"column":13}},"locations":[{"start":{"line":21,"column":39},"end":{"line":23,"column":13}}]}},"b":{"0":[1],"1":[5],"2":[4],"3":[2],"4":[1],"5":[3],"6":[1],"7":[2]},"fnMap":{"0":{"name":"genDiff","decl":{"start":{"line":1,"column":7},"end":{"line":25,"column":45}},"loc":{"start":{"line":1,"column":7},"end":{"line":25,"column":45}},"line":1}},"f":{"0":1}}
}
