TN:
SF:index.js
FNF:0
FNH:0
DA:1,1
DA:2,1
DA:3,1
LF:3
LH:3
BRF:0
BRH:0
end_of_record
TN:
SF:src/jsonparse.js
FN:1,genDiff
FNF:1
FNH:1
FNDA:1,genDiff
DA:1,1
DA:2,1
DA:3,1
DA:4,1
DA:5,1
DA:6,1
DA:7,1
DA:8,1
DA:9,1
DA:10,1
DA:11,1
DA:12,5
DA:13,2
DA:14,1
DA:15,1
DA:16,1
DA:17,1
DA:18,5
DA:19,1
DA:20,1
DA:21,1
DA:22,2
DA:23,5
DA:24,5
DA:25,1
DA:26,1
DA:27,1
DA:28,1
DA:29,1
DA:30,1
LF:30
LH:30
BRDA:1,0,0,1
BRDA:11,1,0,5
BRDA:12,2,0,4
BRDA:12,3,0,2
BRDA:13,4,0,1
BRDA:18,5,0,3
BRDA:18,6,0,1
BRDA:21,7,0,2
BRF:8
BRH:8
end_of_record
